Exporter version: 5.4.2, Blender version: 2.78 (sub 0)
========= Conversion from Blender to Babylon.js =========
	Scene settings used:
		selected layers only:  true
		flat shading entire scene:  false
		inline textures:  false
		texture directory:  C:\Users\Sven\Documents\SvenFrankson\space-scout\datas\models\
	Python World class constructor completed
	WARNING: No active camera has been assigned, or is not in a currently selected Blender layer
	processing begun of mesh:  laser
		WARNING: No materials have been assigned: 
		num positions      :  34
		num normals        :  34
		num uvs            :  0
		num uvs2           :  0
		num colors         :  136
		num indices        :  192
	processing begun of mesh:  antenna
		WARNING: No materials have been assigned: 
		num positions      :  26
		num normals        :  26
		num uvs            :  0
		num uvs2           :  0
		num colors         :  104
		num indices        :  108
	processing begun of mesh:  wing-L
		WARNING: No materials have been assigned: 
		num positions      :  46
		num normals        :  46
		num uvs            :  0
		num uvs2           :  0
		num colors         :  184
		num indices        :  180
	processing begun of mesh:  arm-L
		WARNING: No materials have been assigned: 
		num positions      :  34
		num normals        :  34
		num uvs            :  0
		num uvs2           :  0
		num colors         :  136
		num indices        :  186
	processing begun of mesh:  arm-R
		WARNING: No materials have been assigned: 
		num positions      :  36
		num normals        :  36
		num uvs            :  0
		num uvs2           :  0
		num colors         :  144
		num indices        :  204
	processing begun of mesh:  wing-R
		WARNING: No materials have been assigned: 
		num positions      :  47
		num normals        :  47
		num uvs            :  0
		num uvs2           :  0
		num colors         :  188
		num indices        :  180
	processing begun of mesh:  body-top
		WARNING: No materials have been assigned: 
		num positions      :  202
		num normals        :  202
		num uvs            :  0
		num uvs2           :  0
		num colors         :  808
		num indices        :  936
	processing begun of mesh:  body-bottom
		WARNING: No materials have been assigned: 
		num positions      :  128
		num normals        :  128
		num uvs            :  0
		num uvs2           :  0
		num colors         :  512
		num indices        :  564
========= Writing of scene file started =========
========= Writing of scene file completed =========
========= end of processing =========
elapsed time:  0 min, 0.2253 secs
