Exporter version: 5.4.2, Blender version: 2.78 (sub 0)
========= Conversion from Blender to Babylon.js =========
	Scene settings used:
		selected layers only:  true
		flat shading entire scene:  false
		inline textures:  false
		texture directory:  C:\Users\Sven\Documents\SvenFrankson\ludum-dare-40\data\
	Python World class constructor completed
	WARNING: No active camera has been assigned, or is not in a currently selected Blender layer
	processing begun of skeleton:  TurtleArmature, id:  0
		processing begun of bone:  Bone, index:  0
		processing begun of bone:  Bone.001, index:  1
		processing begun of bone:  Bone.002, index:  2
		processing begun of bone:  Bone.004, index:  3
		processing begun of bone:  Bone.005, index:  4
		processing begun of bone:  Bone.003, index:  5
		processing action TurtleArmatureAction:  in[1 - 60], out[0 - 60]
	processing begun of mesh:  Turtle
		WARNING: No materials have been assigned: 
		num positions      :  588
		num normals        :  588
		num uvs            :  0
		num uvs2           :  0
		num colors         :  0
		num indices        :  3384
		Skeleton stats:  
			Total Influencers:  777
			Avg # of influencers per vertex:  1.3214
			Highest # of influencers observed:  4, num vertices with this:  5
			exported as 4 influencers
			num skeletonWeights and skeletonIndices:  2352
========= Writing of scene file started =========
========= Writing of scene file completed =========
========= end of processing =========
elapsed time:  0 min, 0.4868 secs
