Exporter version: 5.4.2, Blender version: 2.78 (sub 0)
========= Conversion from Blender to Babylon.js =========
	Scene settings used:
		selected layers only:  false
		flat shading entire scene:  false
		inline textures:  false
		texture directory:  C:\Users\Sven\Documents\SvenFrankson\space-strategist\datas\
	Python World class constructor completed
	WARNING: No active camera has been assigned, or is not in a currently selected Blender layer
	processing begun of mesh:  COMPUTER.001
		processing begun of Standard material:  Material
		processing begun of Standard material:  COMPUTER.001
		processing begun of multimaterial:  admiral_ship.Multimaterial#0
		num positions      :  56
		num normals        :  56
		num uvs            :  0
		num uvs2           :  0
		num colors         :  0
		num indices        :  288
	processing begun of mesh:  COMPUTER.002
		registered as also a user of material:  Material
		processing begun of Standard material:  COMPUTER.002
		processing begun of multimaterial:  admiral_ship.Multimaterial#1
		num positions      :  56
		num normals        :  56
		num uvs            :  0
		num uvs2           :  0
		num colors         :  0
		num indices        :  288
	processing begun of mesh:  COMPUTER.006
		registered as also a user of material:  Material
		processing begun of Standard material:  COMPUTER.006
		processing begun of multimaterial:  admiral_ship.Multimaterial#2
		num positions      :  56
		num normals        :  56
		num uvs            :  0
		num uvs2           :  0
		num colors         :  0
		num indices        :  288
	processing begun of mesh:  COMPUTER.005
		registered as also a user of material:  Material
		processing begun of Standard material:  COMPUTER.005
		processing begun of multimaterial:  admiral_ship.Multimaterial#3
		num positions      :  56
		num normals        :  56
		num uvs            :  0
		num uvs2           :  0
		num colors         :  0
		num indices        :  288
	processing begun of mesh:  COMPUTER.004
		registered as also a user of material:  Material
		processing begun of Standard material:  COMPUTER.004
		processing begun of multimaterial:  admiral_ship.Multimaterial#4
		num positions      :  56
		num normals        :  56
		num uvs            :  0
		num uvs2           :  0
		num colors         :  0
		num indices        :  288
	processing begun of mesh:  HOLOGRAM.001
		registered as also a user of material:  Material
		processing begun of Standard material:  Frame
		processing begun of multimaterial:  admiral_ship.Multimaterial#5
		num positions      :  166
		num normals        :  166
		num uvs            :  0
		num uvs2           :  0
		num colors         :  0
		num indices        :  852
		WARNING: # of 0 area faces found:  12
	processing begun of mesh:  HOLOGRAM
		mesh is an instance of :  HOLOGRAM.001.  Processing halted.
	processing begun of mesh:  COMPUTER.003
		registered as also a user of material:  Material
		processing begun of Standard material:  COMPUTER.003
		processing begun of multimaterial:  admiral_ship.Multimaterial#6
		num positions      :  56
		num normals        :  56
		num uvs            :  0
		num uvs2           :  0
		num colors         :  0
		num indices        :  288
	processing begun of mesh:  COMPUTER
		registered as also a user of material:  Material
		registered as also a user of material:  Frame
		processing begun of multimaterial:  admiral_ship.Multimaterial#7
		num positions      :  56
		num normals        :  56
		num uvs            :  0
		num uvs2           :  0
		num colors         :  0
		num indices        :  288
	processing begun of mesh:  ARMOR
		registered as also a user of material:  Frame
		num positions      :  532
		num normals        :  532
		num uvs            :  0
		num uvs2           :  0
		num colors         :  0
		num indices        :  2640
	processing begun of mesh:  WINDOW-frame
		registered as also a user of material:  Frame
		num positions      :  192
		num normals        :  192
		num uvs            :  0
		num uvs2           :  0
		num colors         :  0
		num indices        :  1152
	processing begun of mesh:  HQ-floor
		registered as also a user of material:  Material
		num positions      :  8
		num normals        :  8
		num uvs            :  0
		num uvs2           :  0
		num colors         :  0
		num indices        :  18
	processing begun of mesh:  HQ-glass
		processing begun of Standard material:  transparentGlass
		num positions      :  72
		num normals        :  72
		num uvs            :  0
		num uvs2           :  0
		num colors         :  0
		num indices        :  312
	processing begun of mesh:  HQ-frame
		registered as also a user of material:  Frame
		num positions      :  272
		num normals        :  272
		num uvs            :  0
		num uvs2           :  0
		num colors         :  0
		num indices        :  2016
	processing begun of mesh:  GATE-forcefield
		processing begun of Standard material:  Material.002
		num positions      :  6
		num normals        :  6
		num uvs            :  0
		num uvs2           :  0
		num colors         :  0
		num indices        :  12
	processing begun of mesh:  GATE-frame
		registered as also a user of material:  Frame
		num positions      :  24
		num normals        :  24
		num uvs            :  0
		num uvs2           :  0
		num colors         :  0
		num indices        :  144
	processing begun of mesh:  BODY
		registered as also a user of material:  Material
		num positions      :  484
		num normals        :  484
		num uvs            :  0
		num uvs2           :  0
		num colors         :  0
		num indices        :  2868
========= Writing of scene file started =========
========= Writing of scene file completed =========
========= end of processing =========
elapsed time:  0 min, 0.7684 secs
