Exporter version: 5.4.2, Blender version: 2.78 (sub 0)
========= Conversion from Blender to Babylon.js =========
	Scene settings used:
		selected layers only:  true
		flat shading entire scene:  false
		inline textures:  false
		texture directory:  C:\Users\Sven\Documents\SvenFrankson\space-strategist\datas\
	Python World class constructor completed
	WARNING: No active camera has been assigned, or is not in a currently selected Blender layer
	processing begun of mesh:  banner-large-flat
		WARNING: No materials have been assigned: 
		num positions      :  12
		num normals        :  12
		num uvs            :  24
		num uvs2           :  0
		num colors         :  48
		num indices        :  24
	processing begun of mesh:  banner-large
		WARNING: No materials have been assigned: 
		num positions      :  32
		num normals        :  32
		num uvs            :  64
		num uvs2           :  0
		num colors         :  128
		num indices        :  180
========= Writing of scene file started =========
========= Writing of scene file completed =========
========= end of processing =========
elapsed time:  0 min, 0.0618 secs
