Exporter version: 5.4.2, Blender version: 2.78 (sub 0)
========= Conversion from Blender to Babylon.js =========
	Scene settings used:
		selected layers only:  true
		flat shading entire scene:  false
		inline textures:  false
		texture directory:  C:\Users\Sven\Documents\SvenFrankson\space-strategist\datas\
	Python World class constructor completed
	WARNING: No active camera has been assigned, or is not in a currently selected Blender layer
	processing begun of mesh:  cristal
		processing begun of Standard material:  Color1
		processing begun of Standard material:  Base
		processing begun of multimaterial:  cristal_1.Multimaterial#0
		num positions      :  329
		num normals        :  329
		num uvs            :  0
		num uvs2           :  0
		num colors         :  1316
		num indices        :  1476
========= Writing of scene file started =========
========= Writing of scene file completed =========
========= end of processing =========
elapsed time:  0 min, 0.1159 secs
