Exporter version: 5.4.2, Blender version: 2.78 (sub 0)
========= Conversion from Blender to Babylon.js =========
	Scene settings used:
		selected layers only:  true
		flat shading entire scene:  false
		inline textures:  false
		texture directory:  C:\Users\Sven\Documents\SvenFrankson\space-strategist\datas\
	Python World class constructor completed
	WARNING: No active camera has been assigned, or is not in a currently selected Blender layer
	processing begun of mesh:  cristal-flat
		WARNING: No materials have been assigned: 
		num positions      :  285
		num normals        :  285
		num uvs            :  0
		num uvs2           :  0
		num colors         :  1140
		num indices        :  1242
	processing begun of mesh:  cristal-texture
		WARNING: No materials have been assigned: 
		num positions      :  52
		num normals        :  52
		num uvs            :  104
		num uvs2           :  0
		num colors         :  208
		num indices        :  258
========= Writing of scene file started =========
========= Writing of scene file completed =========
========= end of processing =========
elapsed time:  0 min, 0.1129 secs
