Exporter version: 5.4.2, Blender version: 2.78 (sub 0)
========= Conversion from Blender to Babylon.js =========
	Scene settings used:
		selected layers only:  false
		flat shading entire scene:  false
		inline textures:  false
		texture directory:  C:\Users\Sven\Documents\SvenFrankson\didactic-couscous\models\
	Python World class constructor completed
	WARNING: No active camera has been assigned, or is not in a currently selected Blender layer
	processing begun of mesh:  Letter
		processing begun of Standard material:  Tile
		processing begun of Standard material:  Letter
		processing begun of multimaterial:  letter.Multimaterial#0
		num positions      :  60
		num normals        :  60
		num uvs            :  120
		num uvs2           :  0
		num colors         :  0
		num indices        :  330
========= Writing of scene file started =========
========= Writing of scene file completed =========
========= end of processing =========
elapsed time:  0 min, 0.058 secs
