Exporter version: 5.4.2, Blender version: 2.78 (sub 0)
========= Conversion from Blender to Babylon.js =========
	Scene settings used:
		selected layers only:  true
		flat shading entire scene:  false
		inline textures:  false
		texture directory:  C:\Users\Sven\Documents\SvenFrankson\space-scout\datas\
	Python World class constructor completed
	WARNING: No active camera has been assigned, or is not in a currently selected Blender layer
	processing begun of mesh:  hub-50-level-0
		processing begun of Standard material:  Undefined
		processing begun of Standard material:  Black
		processing begun of multimaterial:  hub_50_level_0.Multimaterial#0
		num positions      :  488
		num normals        :  488
		num uvs            :  0
		num uvs2           :  0
		num colors         :  0
		num indices        :  1836
========= Writing of scene file started =========
========= Writing of scene file completed =========
========= end of processing =========
elapsed time:  0 min, 0.1356 secs
