Exporter version: 5.4.2, Blender version: 2.78 (sub 0)
========= Conversion from Blender to Babylon.js =========
	Scene settings used:
		selected layers only:  true
		flat shading entire scene:  false
		inline textures:  false
		texture directory:  C:\Users\Sven\Documents\SvenFrankson\space-scout\datas\SectionLevels\
	Python World class constructor completed
	WARNING: No active camera has been assigned, or is not in a currently selected Blender layer
	processing begun of mesh:  way-level-1-conn
		processing begun of Standard material:  Undefined
		processing begun of Standard material:  Black
		processing begun of Standard material:  Floor
		processing begun of Standard material:  Wall
		processing begun of Standard material:  Glass
		processing begun of multimaterial:  way_level_1_conn.Multimaterial#0
		num positions      :  221
		num normals        :  221
		num uvs            :  442
		num uvs2           :  0
		num colors         :  0
		num indices        :  510
========= Writing of scene file started =========
========= Writing of scene file completed =========
========= end of processing =========
elapsed time:  0 min, 0.051 secs
