Exporter version: 5.2.0, Blender version: 2.78 (sub 0)
========= Conversion from Blender to Babylon.js =========
	Scene settings used:
		selected layers only:  true
		flat shading entire scene:  false
		inline textures:  false
		texture directory:  C:\Users\Sven\Documents\SvenFrankson\space-scout\datas\SectionLevels\
	Python World class constructor completed
	WARNING: No active camera has been assigned, or is not in a currently selected Blender layer
	processing begun of mesh:  way-outer
		processing begun of Standard material:  Floor
		processing begun of Standard material:  Black
		processing begun of multimaterial:  way_outer.Multimaterial#0
		num positions      :  72
		num normals        :  72
		num uvs            :  0
		num uvs2           :  0
		num colors         :  0
		num indices        :  168
========= Writing of scene file started =========
========= Writing of scene file completed =========
========= end of processing =========
elapsed time:  0 min, 0.0185 secs
