Exporter version: 5.4.2, Blender version: 2.78 (sub 0)
========= Conversion from Blender to Babylon.js =========
	Scene settings used:
		selected layers only:  true
		flat shading entire scene:  false
		inline textures:  false
		texture directory:  C:\Users\Sven\Documents\SvenFrankson\didactic-couscous\models\
	Python World class constructor completed
	WARNING: No active camera has been assigned, or is not in a currently selected Blender layer
	processing begun of mesh:  Invader-5-Light
		processing begun of Standard material:  BlueLight
		num positions      :  262
		num normals        :  262
		num uvs            :  0
		num uvs2           :  0
		num colors         :  0
		num indices        :  1470
	processing begun of mesh:  Invader-5
		processing begun of Standard material:  Blue
		num positions      :  423
		num normals        :  423
		num uvs            :  0
		num uvs2           :  0
		num colors         :  0
		num indices        :  2505
		WARNING: # of 0 area faces found:  1
========= Writing of scene file started =========
========= Writing of scene file completed =========
========= end of processing =========
elapsed time:  0 min, 0.2074 secs
