Exporter version: 5.4.2, Blender version: 2.78 (sub 0)
========= Conversion from Blender to Babylon.js =========
	Scene settings used:
		selected layers only:  true
		flat shading entire scene:  false
		inline textures:  false
		texture directory:  C:\Users\Sven\Documents\SvenFrankson\space-scout\datas\vertexData\
	Python World class constructor completed
	WARNING: No active camera has been assigned, or is not in a currently selected Blender layer
	processing begun of mesh:  body-3
		WARNING: No materials have been assigned: 
		num positions      :  598
		num normals        :  598
		num uvs            :  0
		num uvs2           :  0
		num colors         :  2392
		num indices        :  2505
	processing begun of mesh:  Body-3-WindShield
		processing begun of Standard material:  Dark
		processing begun of Standard material:  Material.002
		processing begun of multimaterial:  body_3.Multimaterial#0
		num positions      :  24
		num normals        :  24
		num uvs            :  0
		num uvs2           :  0
		num colors         :  96
		num indices        :  78
	processing begun of mesh:  Body-3-Lite
		processing begun of Standard material:  Lite
		num positions      :  16
		num normals        :  16
		num uvs            :  0
		num uvs2           :  0
		num colors         :  64
		num indices        :  42
	processing begun of mesh:  Body-3-Color
		processing begun of Standard material:  Material.003
		num positions      :  130
		num normals        :  130
		num uvs            :  0
		num uvs2           :  0
		num colors         :  520
		num indices        :  612
	processing begun of mesh:  Body-3-Dark
		registered as also a user of material:  Dark
		num positions      :  210
		num normals        :  210
		num uvs            :  0
		num uvs2           :  0
		num colors         :  840
		num indices        :  990
	processing begun of mesh:  Body-3
		processing begun of Standard material:  Base
		num positions      :  154
		num normals        :  154
		num uvs            :  0
		num uvs2           :  0
		num colors         :  0
		num indices        :  783
========= Writing of scene file started =========
========= Writing of scene file completed =========
========= end of processing =========
elapsed time:  0 min, 0.3717 secs
