Exporter version: 5.4.0, Blender version: 2.79 (sub 0)
========= Conversion from Blender to Babylon.js =========
	Scene settings used:
		selected layers only:  true
		flat shading entire scene:  false
		inline textures:  false
		texture directory:  /git/space-scout/datas/vertexData/
	Python World class constructor completed
	WARNING: No active camera has been assigned, or is not in a currently selected Blender layer
	processing begun of mesh:  body-2
		WARNING: No materials have been assigned: 
		num positions      :  842
		num normals        :  842
		num uvs            :  0
		num uvs2           :  0
		num colors         :  3368
		num indices        :  4062
========= Writing of scene file started =========
========= Writing of scene file completed =========
========= end of processing =========
elapsed time:  0 min, 0.0894 secs
