Exporter version: 5.4.2, Blender version: 2.78 (sub 0)
========= Conversion from Blender to Babylon.js =========
	Scene settings used:
		selected layers only:  true
		flat shading entire scene:  false
		inline textures:  false
		texture directory:  C:\Users\Sven\Documents\SvenFrankson\space-scout\datas\vertexData\
	Python World class constructor completed
	WARNING: No active camera has been assigned, or is not in a currently selected Blender layer
	processing begun of mesh:  wing-3
		WARNING: No materials have been assigned: 
		num positions      :  344
		num normals        :  344
		num uvs            :  0
		num uvs2           :  0
		num colors         :  1376
		num indices        :  1293
	processing begun of mesh:  Wings-3-Lite
		processing begun of Standard material:  Lite
		num positions      :  40
		num normals        :  40
		num uvs            :  0
		num uvs2           :  0
		num colors         :  160
		num indices        :  150
	processing begun of mesh:  Wings-3-Dark
		processing begun of Standard material:  Dark
		num positions      :  112
		num normals        :  112
		num uvs            :  0
		num uvs2           :  0
		num colors         :  448
		num indices        :  330
	processing begun of mesh:  Wings-3-Color
		processing begun of Standard material:  Material.003
		num positions      :  114
		num normals        :  114
		num uvs            :  0
		num uvs2           :  0
		num colors         :  456
		num indices        :  417
	processing begun of mesh:  Wings-3
		processing begun of Standard material:  Base
		num positions      :  78
		num normals        :  78
		num uvs            :  0
		num uvs2           :  0
		num colors         :  312
		num indices        :  396
========= Writing of scene file started =========
========= Writing of scene file completed =========
========= end of processing =========
elapsed time:  0 min, 0.1379 secs
