Exporter version: 5.4.2, Blender version: 2.78 (sub 0)
========= Conversion from Blender to Babylon.js =========
	Scene settings used:
		selected layers only:  true
		flat shading entire scene:  false
		inline textures:  false
		texture directory:  C:\Users\Sven\Documents\SvenFrankson\space-scout\datas\vertexData\
	Python World class constructor completed
	WARNING: No active camera has been assigned, or is not in a currently selected Blender layer
	processing begun of mesh:  wings-4
		WARNING: No materials have been assigned: 
		num positions      :  867
		num normals        :  867
		num uvs            :  0
		num uvs2           :  0
		num colors         :  3468
		num indices        :  4158
	processing begun of mesh:  Wings-4-Color
		processing begun of Standard material:  Dark
		processing begun of Standard material:  Base
		processing begun of Standard material:  Material.003
		processing begun of multimaterial:  wing_4.Multimaterial#0
		num positions      :  186
		num normals        :  186
		num uvs            :  0
		num uvs2           :  0
		num colors         :  744
		num indices        :  834
	processing begun of mesh:  Wings-4
		registered as also a user of material:  Base
		registered as also a user of material:  Dark
		registered as also a user of material:  Material.003
		processing begun of multimaterial:  wing_4.Multimaterial#1
		num positions      :  180
		num normals        :  180
		num uvs            :  0
		num uvs2           :  0
		num colors         :  0
		num indices        :  990
	processing begun of mesh:  Wings-4-Dark
		registered as also a user of material:  Dark
		registered as also a user of material:  Base
		registered as also a user of material:  Material.003
		processing begun of multimaterial:  wing_4.Multimaterial#2
		num positions      :  501
		num normals        :  501
		num uvs            :  0
		num uvs2           :  0
		num colors         :  2004
		num indices        :  2334
========= Writing of scene file started =========
========= Writing of scene file completed =========
========= end of processing =========
elapsed time:  0 min, 0.3857 secs
