Exporter version: 5.2.0, Blender version: 2.78 (sub 0)
========= Conversion from Blender to Babylon.js =========
	Scene settings used:
		selected layers only:  false
		flat shading entire scene:  false
		inline textures:  false
		texture directory:  C:\Users\Sven\Documents\SvenFrankson\symposium-proc-generation\datas\
	Python World class constructor completed
	WARNING: No active camera has been assigned, or is not in a currently selected Blender layer
	processing begun of mesh:  LargeCube
		processing begun of Standard material:  Green
		num positions      :  24
		num normals        :  24
		num uvs            :  0
		num uvs2           :  0
		num colors         :  0
		num indices        :  132
	processing begun of mesh:  SmallCube.003
		processing begun of Standard material:  Blue
		num positions      :  24
		num normals        :  24
		num uvs            :  0
		num uvs2           :  0
		num colors         :  0
		num indices        :  132
	processing begun of mesh:  SmallCube.002
		mesh is an instance of :  SmallCube.003.  Processing halted.
	processing begun of mesh:  SmallCube.001
		mesh is an instance of :  SmallCube.003.  Processing halted.
	processing begun of mesh:  SmallCube
		mesh is an instance of :  SmallCube.003.  Processing halted.
	processing begun of mesh:  Base
		processing begun of Standard material:  Base
		num positions      :  130
		num normals        :  130
		num uvs            :  0
		num uvs2           :  0
		num colors         :  0
		num indices        :  768
	processing begun of mesh:  Ball
		processing begun of Standard material:  Red
		registered as also a user of material:  Green
		processing begun of multimaterial:  demoScene.Multimaterial#0
		num positions      :  748
		num normals        :  748
		num uvs            :  0
		num uvs2           :  0
		num colors         :  0
		num indices        :  4464
========= Writing of scene file started =========
========= Writing of scene file completed =========
========= end of processing =========
elapsed time:  0 min, 0.1656 secs
