Exporter version: 5.2.0, Blender version: 2.78 (sub 0)
========= Conversion from Blender to Babylon.js =========
	Scene settings used:
		selected layers only:  false
		flat shading entire scene:  false
		inline textures:  false
		texture directory:  C:\Users\Sven\Documents\SvenFrankson\space-scout\datas\
	Python World class constructor completed
	WARNING: No active camera has been assigned, or is not in a currently selected Blender layer
	processing begun of mesh:  Disc
		processing begun of Standard material:  Material
		num positions      :  66
		num normals        :  66
		num uvs            :  0
		num uvs2           :  0
		num colors         :  0
		num indices        :  384
	processing begun of mesh:  Cursor
		registered as also a user of material:  Material
		num positions      :  49
		num normals        :  49
		num uvs            :  0
		num uvs2           :  0
		num colors         :  0
		num indices        :  282
========= Writing of scene file started =========
========= Writing of scene file completed =========
========= end of processing =========
elapsed time:  0 min, 0.0295 secs
